[2025-11-26 21:31:16] [CRITICAL] Uncaught Exception
Exception: Error - Call to undefined function renderMessage()
Stack Trace:
#0 /var/www/html/pages/auth/login.php(34): include()
#1 {main}
Context: {
    "file": "\/var\/www\/html\/views\/partials\/header.php",
    "line": 110,
    "code": 0
}
--------------------------------------------------------------------------------
[2025-11-26 21:31:16] [CRITICAL] Uncaught Exception
Exception: Error - Call to undefined function renderMessage()
Stack Trace:
#0 /var/www/html/pages/auth/login.php(34): include()
#1 {main}
Context: {
    "file": "\/var\/www\/html\/views\/partials\/header.php",
    "line": 110,
    "code": 0
}
--------------------------------------------------------------------------------
[2025-11-26 21:31:18] [CRITICAL] Uncaught Exception
Exception: Error - Call to undefined function renderMessage()
Stack Trace:
#0 /var/www/html/pages/auth/login.php(34): include()
#1 {main}
Context: {
    "file": "\/var\/www\/html\/views\/partials\/header.php",
    "line": 110,
    "code": 0
}
--------------------------------------------------------------------------------
[2025-11-26 21:31:18] [CRITICAL] Uncaught Exception
Exception: Error - Call to undefined function renderMessage()
Stack Trace:
#0 /var/www/html/pages/auth/login.php(34): include()
#1 {main}
Context: {
    "file": "\/var\/www\/html\/views\/partials\/header.php",
    "line": 110,
    "code": 0
}
--------------------------------------------------------------------------------
[2025-11-26 21:31:19] [CRITICAL] Uncaught Exception
Exception: Error - Call to undefined function renderMessage()
Stack Trace:
#0 /var/www/html/pages/auth/login.php(34): include()
#1 {main}
Context: {
    "file": "\/var\/www\/html\/views\/partials\/header.php",
    "line": 110,
    "code": 0
}
--------------------------------------------------------------------------------
[2025-11-26 21:31:19] [CRITICAL] Uncaught Exception
Exception: Error - Call to undefined function renderMessage()
Stack Trace:
#0 /var/www/html/pages/auth/login.php(34): include()
#1 {main}
Context: {
    "file": "\/var\/www\/html\/views\/partials\/header.php",
    "line": 110,
    "code": 0
}
--------------------------------------------------------------------------------
[2025-11-26 21:31:21] [CRITICAL] Uncaught Exception
Exception: Error - Call to undefined function renderMessage()
Stack Trace:
#0 /var/www/html/pages/auth/login.php(34): include()
#1 {main}
Context: {
    "file": "\/var\/www\/html\/views\/partials\/header.php",
    "line": 110,
    "code": 0
}
--------------------------------------------------------------------------------
[2025-11-26 21:31:21] [CRITICAL] Uncaught Exception
Exception: Error - Call to undefined function renderMessage()
Stack Trace:
#0 /var/www/html/pages/auth/login.php(34): include()
#1 {main}
Context: {
    "file": "\/var\/www\/html\/views\/partials\/header.php",
    "line": 110,
    "code": 0
}
--------------------------------------------------------------------------------
[2025-11-26 21:31:22] [CRITICAL] Uncaught Exception
Exception: Error - Call to undefined function renderMessage()
Stack Trace:
#0 /var/www/html/pages/auth/login.php(34): include()
#1 {main}
Context: {
    "file": "\/var\/www\/html\/views\/partials\/header.php",
    "line": 110,
    "code": 0
}
--------------------------------------------------------------------------------
[2025-11-26 21:31:22] [CRITICAL] Uncaught Exception
Exception: Error - Call to undefined function renderMessage()
Stack Trace:
#0 /var/www/html/pages/auth/login.php(34): include()
#1 {main}
Context: {
    "file": "\/var\/www\/html\/views\/partials\/header.php",
    "line": 110,
    "code": 0
}
--------------------------------------------------------------------------------
[2025-11-26 21:31:24] [CRITICAL] Uncaught Exception
Exception: Error - Call to undefined function renderMessage()
Stack Trace:
#0 /var/www/html/pages/auth/login.php(34): include()
#1 {main}
Context: {
    "file": "\/var\/www\/html\/views\/partials\/header.php",
    "line": 110,
    "code": 0
}
--------------------------------------------------------------------------------
[2025-11-26 21:34:28] [CRITICAL] Uncaught Exception
Exception: Error - Call to undefined function renderMessage()
Stack Trace:
#0 /var/www/html/pages/auth/login.php(34): include()
#1 {main}
Context: {
    "file": "\/var\/www\/html\/views\/partials\/header.php",
    "line": 110,
    "code": 0
}
--------------------------------------------------------------------------------
[2025-11-26 21:35:00] [CRITICAL] Uncaught Exception
Exception: Error - Call to undefined function renderMessage()
Stack Trace:
#0 /var/www/html/pages/auth/login.php(34): include()
#1 {main}
Context: {
    "file": "\/var\/www\/html\/views\/partials\/header.php",
    "line": 110,
    "code": 0
}
--------------------------------------------------------------------------------
[2025-11-26 21:35:45] [CRITICAL] Uncaught Exception
Exception: Error - Call to undefined function renderMessage()
Stack Trace:
#0 /var/www/html/pages/auth/login.php(34): include()
#1 {main}
Context: {
    "file": "\/var\/www\/html\/views\/partials\/header.php",
    "line": 110,
    "code": 0
}
--------------------------------------------------------------------------------
[2025-11-26 21:36:29] [CRITICAL] Uncaught Exception
Exception: Error - Call to undefined function renderMessage()
Stack Trace:
#0 /var/www/html/pages/auth/login.php(34): include()
#1 {main}
Context: {
    "file": "\/var\/www\/html\/views\/partials\/header.php",
    "line": 110,
    "code": 0
}
--------------------------------------------------------------------------------
[2025-11-26 21:36:29] [CRITICAL] Uncaught Exception
Exception: Error - Call to undefined function renderMessage()
Stack Trace:
#0 /var/www/html/pages/auth/login.php(34): include()
#1 {main}
Context: {
    "file": "\/var\/www\/html\/views\/partials\/header.php",
    "line": 110,
    "code": 0
}
--------------------------------------------------------------------------------
[2025-11-26 21:39:42] [CRITICAL] Uncaught Exception
Exception: Error - Call to undefined function renderMessage()
Stack Trace:
#0 /var/www/html/pages/auth/login.php(34): include()
#1 {main}
Context: {
    "file": "\/var\/www\/html\/views\/partials\/header.php",
    "line": 110,
    "code": 0
}
--------------------------------------------------------------------------------
[2025-11-26 21:40:37] [CRITICAL] Uncaught Exception
Exception: Error - Call to undefined function renderMessage()
Stack Trace:
#0 /var/www/html/pages/auth/login.php(34): include()
#1 {main}
Context: {
    "file": "\/var\/www\/html\/views\/partials\/header.php",
    "line": 110,
    "code": 0
}
--------------------------------------------------------------------------------
[2025-11-26 21:40:44] [CRITICAL] Uncaught Exception
Exception: Error - Call to undefined function renderMessage()
Stack Trace:
#0 /var/www/html/pages/auth/login.php(34): include()
#1 {main}
Context: {
    "file": "\/var\/www\/html\/views\/partials\/header.php",
    "line": 110,
    "code": 0
}
--------------------------------------------------------------------------------
[2025-11-26 21:40:48] [CRITICAL] Uncaught Exception
Exception: Error - Call to undefined function renderMessage()
Stack Trace:
#0 /var/www/html/pages/auth/login.php(34): include()
#1 {main}
Context: {
    "file": "\/var\/www\/html\/views\/partials\/header.php",
    "line": 110,
    "code": 0
}
--------------------------------------------------------------------------------
[2025-11-26 21:41:21] [CRITICAL] Uncaught Exception
Exception: Error - Call to undefined function renderMessage()
Stack Trace:
#0 /var/www/html/pages/auth/login.php(34): include()
#1 {main}
Context: {
    "file": "\/var\/www\/html\/views\/partials\/header.php",
    "line": 110,
    "code": 0
}
--------------------------------------------------------------------------------
[2025-11-26 21:41:26] [CRITICAL] Uncaught Exception
Exception: Error - Call to undefined function renderMessage()
Stack Trace:
#0 /var/www/html/pages/auth/login.php(34): include()
#1 {main}
Context: {
    "file": "\/var\/www\/html\/views\/partials\/header.php",
    "line": 110,
    "code": 0
}
--------------------------------------------------------------------------------
[2025-11-26 21:41:29] [CRITICAL] Uncaught Exception
Exception: Error - Call to undefined function renderMessage()
Stack Trace:
#0 /var/www/html/pages/auth/login.php(34): include()
#1 {main}
Context: {
    "file": "\/var\/www\/html\/views\/partials\/header.php",
    "line": 110,
    "code": 0
}
--------------------------------------------------------------------------------
[2025-11-26 21:41:32] [CRITICAL] Uncaught Exception
Exception: Error - Call to undefined function renderMessage()
Stack Trace:
#0 /var/www/html/pages/auth/login.php(34): include()
#1 {main}
Context: {
    "file": "\/var\/www\/html\/views\/partials\/header.php",
    "line": 110,
    "code": 0
}
--------------------------------------------------------------------------------
[2025-11-26 23:12:25] [CRITICAL] Uncaught Exception
Exception: Error - Class "Database" not found
Stack Trace:
#0 {main}
Context: {
    "file": "\/var\/www\/html\/migration.php",
    "line": 5,
    "code": 0
}
--------------------------------------------------------------------------------
[2025-11-27 00:20:21] [CRITICAL] Uncaught Exception
Exception: Error - Call to undefined function requireLogin()
Stack Trace:
#0 {main}
Context: {
    "file": "\/var\/www\/html\/pages\/users\/user_resend_invite.php",
    "line": 9,
    "code": 0
}
--------------------------------------------------------------------------------
[2025-11-27 00:20:31] [CRITICAL] Uncaught Exception
Exception: Error - Call to undefined function requireLogin()
Stack Trace:
#0 {main}
Context: {
    "file": "\/var\/www\/html\/pages\/users\/user_resend_invite.php",
    "line": 9,
    "code": 0
}
--------------------------------------------------------------------------------
[2025-11-27 15:06:20] [CRITICAL] Uncaught Exception
Exception: ParseError - syntax error, unexpected identifier "disabled", expecting ";"
Stack Trace:
#0 {main}
Context: {
    "file": "\/var\/www\/html\/lib\/presentation\/user_views.php",
    "line": 148,
    "code": 0
}
--------------------------------------------------------------------------------
[2025-11-27 15:06:20] [CRITICAL] Uncaught Exception
Exception: ParseError - syntax error, unexpected identifier "disabled", expecting ";"
Stack Trace:
#0 {main}
Context: {
    "file": "\/var\/www\/html\/lib\/presentation\/user_views.php",
    "line": 148,
    "code": 0
}
--------------------------------------------------------------------------------
[2025-11-27 15:08:54] [CRITICAL] Uncaught Exception
Exception: Error - Call to undefined method Session::get()
Stack Trace:
#0 /var/www/html/lib/core/Permissions.php(74): Permissions::checkCurrent('user_create')
#1 /var/www/html/pages/users/user_create.php(16): Permissions::require('user_create')
#2 {main}
Context: {
    "file": "\/var\/www\/html\/lib\/core\/Permissions.php",
    "line": 59,
    "code": 0
}
--------------------------------------------------------------------------------
[2025-11-27 15:09:34] [CRITICAL] Uncaught Exception
Exception: Error - Call to undefined method Session::get()
Stack Trace:
#0 /var/www/html/lib/core/Permissions.php(74): Permissions::checkCurrent('user_create')
#1 /var/www/html/pages/users/user_create.php(16): Permissions::require('user_create')
#2 {main}
Context: {
    "file": "\/var\/www\/html\/lib\/core\/Permissions.php",
    "line": 59,
    "code": 0
}
--------------------------------------------------------------------------------
[2025-11-27 14:11:33] [CRITICAL] Uncaught Exception
Exception: ParseError - syntax error, unexpected token "public", expecting end of file
Stack Trace:
#0 /var/www/html/pages/users/user_create.php(9): require_once()
#1 {main}
Context: {
    "file": "\/var\/www\/html\/lib\/core\/Session.php",
    "line": 59,
    "code": 0
}
--------------------------------------------------------------------------------
[2025-11-27 14:11:33] [CRITICAL] Uncaught Exception
Exception: ParseError - syntax error, unexpected token "public", expecting end of file
Stack Trace:
#0 /var/www/html/index.php(9): require_once()
#1 {main}
Context: {
    "file": "\/var\/www\/html\/lib\/core\/Session.php",
    "line": 59,
    "code": 0
}
--------------------------------------------------------------------------------
[2025-11-27 15:12:01] [CRITICAL] Uncaught Exception
Exception: Error - Class "AuthorizationException" not found
Stack Trace:
#0 /var/www/html/pages/users/user_create.php(16): Permissions::require('user_create')
#1 {main}
Context: {
    "file": "\/var\/www\/html\/lib\/core\/Permissions.php",
    "line": 75,
    "code": 0
}
--------------------------------------------------------------------------------
[2025-11-27 15:12:01] [CRITICAL] Uncaught Exception
Exception: Error - Class "AuthorizationException" not found
Stack Trace:
#0 /var/www/html/pages/users/user_create.php(16): Permissions::require('user_create')
#1 {main}
Context: {
    "file": "\/var\/www\/html\/lib\/core\/Permissions.php",
    "line": 75,
    "code": 0
}
--------------------------------------------------------------------------------
[2025-11-27 15:12:11] [CRITICAL] Uncaught Exception
Exception: Error - Class "AuthorizationException" not found
Stack Trace:
#0 /var/www/html/pages/users/user_create.php(16): Permissions::require('user_create')
#1 {main}
Context: {
    "file": "\/var\/www\/html\/lib\/core\/Permissions.php",
    "line": 75,
    "code": 0
}
--------------------------------------------------------------------------------
[2025-11-27 15:12:31] [CRITICAL] Uncaught Exception
Exception: AuthException - User does not have permission for action: user_create
Stack Trace:
#0 /var/www/html/pages/users/user_create.php(16): Permissions::require('user_create')
#1 {main}
Context: {
    "file": "\/var\/www\/html\/lib\/core\/Permissions.php",
    "line": 75,
    "code": 401
}
--------------------------------------------------------------------------------
[2025-11-27 15:12:35] [CRITICAL] Uncaught Exception
Exception: AuthException - User does not have permission for action: user_create
Stack Trace:
#0 /var/www/html/pages/users/user_create.php(16): Permissions::require('user_create')
#1 {main}
Context: {
    "file": "\/var\/www\/html\/lib\/core\/Permissions.php",
    "line": 75,
    "code": 401
}
--------------------------------------------------------------------------------
[2025-11-27 15:13:06] [CRITICAL] Uncaught Exception
Exception: AuthException - User does not have permission for action: user_create
Stack Trace:
#0 /var/www/html/pages/users/user_create.php(16): Permissions::require('user_create')
#1 {main}
Context: {
    "file": "\/var\/www\/html\/lib\/core\/Permissions.php",
    "line": 75,
    "code": 401
}
--------------------------------------------------------------------------------
[2025-11-27 15:13:07] [CRITICAL] Uncaught Exception
Exception: AuthException - User does not have permission for action: user_create
Stack Trace:
#0 /var/www/html/pages/users/user_create.php(16): Permissions::require('user_create')
#1 {main}
Context: {
    "file": "\/var\/www\/html\/lib\/core\/Permissions.php",
    "line": 75,
    "code": 401
}
--------------------------------------------------------------------------------
[2025-11-27 15:13:17] [CRITICAL] Uncaught Exception
Exception: AuthException - User does not have permission for action: user_create
Stack Trace:
#0 /var/www/html/pages/users/user_create.php(16): Permissions::require('user_create')
#1 {main}
Context: {
    "file": "\/var\/www\/html\/lib\/core\/Permissions.php",
    "line": 75,
    "code": 401
}
--------------------------------------------------------------------------------
[2025-11-27 15:14:50] [CRITICAL] Uncaught Exception
Exception: AuthException - User does not have permission for action: user_create
Stack Trace:
#0 /var/www/html/pages/users/user_create.php(16): Permissions::require('user_create')
#1 {main}
Context: {
    "file": "\/var\/www\/html\/lib\/core\/Permissions.php",
    "line": 75,
    "code": 401
}
--------------------------------------------------------------------------------
[2025-11-27 15:14:57] [CRITICAL] Uncaught Exception
Exception: AuthException - User does not have permission for action: user_create
Stack Trace:
#0 /var/www/html/pages/users/user_create.php(16): Permissions::require('user_create')
#1 {main}
Context: {
    "file": "\/var\/www\/html\/lib\/core\/Permissions.php",
    "line": 75,
    "code": 401
}
--------------------------------------------------------------------------------
[2025-11-27 15:16:15] [CRITICAL] Uncaught Exception
Exception: AuthException - User does not have permission for action: user_create
Stack Trace:
#0 /var/www/html/pages/users/user_create.php(16): Permissions::require('user_create')
#1 {main}
Context: {
    "file": "\/var\/www\/html\/lib\/core\/Permissions.php",
    "line": 75,
    "code": 401
}
--------------------------------------------------------------------------------
[2025-11-27 15:16:59] [CRITICAL] Uncaught Exception
Exception: AuthException - User does not have permission for action: user_create
Stack Trace:
#0 /var/www/html/pages/users/user_create.php(16): Permissions::require('user_create')
#1 {main}
Context: {
    "file": "\/var\/www\/html\/lib\/core\/Permissions.php",
    "line": 75,
    "code": 401
}
--------------------------------------------------------------------------------
[2025-11-27 15:17:48] [CRITICAL] Uncaught Exception
Exception: AuthException - User does not have permission for action: user_create
Stack Trace:
#0 /var/www/html/pages/users/user_create.php(16): Permissions::require('user_create')
#1 {main}
Context: {
    "file": "\/var\/www\/html\/lib\/core\/Permissions.php",
    "line": 75,
    "code": 401
}
--------------------------------------------------------------------------------
[2025-11-27 15:18:44] [CRITICAL] Uncaught Exception
Exception: AuthException - User does not have permission for action: user_create
Stack Trace:
#0 /var/www/html/pages/users/user_create.php(16): Permissions::require('user_create')
#1 {main}
Context: {
    "file": "\/var\/www\/html\/lib\/core\/Permissions.php",
    "line": 75,
    "code": 401
}
--------------------------------------------------------------------------------
[2025-11-27 15:20:43] [CRITICAL] Uncaught Exception
Exception: AuthException - User does not have permission for action: user_create
Stack Trace:
#0 /var/www/html/pages/users/user_create.php(16): Permissions::require('user_create')
#1 {main}
Context: {
    "file": "\/var\/www\/html\/lib\/core\/Permissions.php",
    "line": 75,
    "code": 401
}
--------------------------------------------------------------------------------
[2025-11-27 15:20:50] [CRITICAL] Uncaught Exception
Exception: AuthException - User does not have permission for action: user_create
Stack Trace:
#0 /var/www/html/pages/users/user_create.php(16): Permissions::require('user_create')
#1 {main}
Context: {
    "file": "\/var\/www\/html\/lib\/core\/Permissions.php",
    "line": 75,
    "code": 401
}
--------------------------------------------------------------------------------
[2025-11-27 17:55:22] [WARNING] Undefined array key "nombre"
Context: {
    "file": "\/var\/www\/html\/lib\/business\/user_operations.php",
    "line": 92,
    "errno": 2
}
--------------------------------------------------------------------------------
[2025-11-27 17:55:22] [WARNING] Undefined array key "role"
Context: {
    "file": "\/var\/www\/html\/lib\/business\/user_operations.php",
    "line": 94,
    "errno": 2
}
--------------------------------------------------------------------------------
[2025-11-27 18:05:36] [WARNING] Undefined variable $isWritable
Context: {
    "file": "\/var\/www\/html\/pages\/setup.php",
    "line": 81,
    "errno": 2
}
--------------------------------------------------------------------------------
[2025-11-27 18:05:36] [WARNING] Undefined variable $isWritable
Context: {
    "file": "\/var\/www\/html\/pages\/setup.php",
    "line": 89,
    "errno": 2
}
--------------------------------------------------------------------------------
[2025-11-27 18:05:36] [WARNING] Undefined variable $isWritable
Context: {
    "file": "\/var\/www\/html\/pages\/setup.php",
    "line": 90,
    "errno": 2
}
--------------------------------------------------------------------------------
[2025-11-27 18:05:39] [WARNING] Undefined variable $isWritable
Context: {
    "file": "\/var\/www\/html\/pages\/setup.php",
    "line": 81,
    "errno": 2
}
--------------------------------------------------------------------------------
[2025-11-27 18:05:39] [WARNING] Undefined variable $isWritable
Context: {
    "file": "\/var\/www\/html\/pages\/setup.php",
    "line": 89,
    "errno": 2
}
--------------------------------------------------------------------------------
[2025-11-27 18:05:39] [WARNING] Undefined variable $isWritable
Context: {
    "file": "\/var\/www\/html\/pages\/setup.php",
    "line": 90,
    "errno": 2
}
--------------------------------------------------------------------------------
[2025-11-27 18:05:39] [WARNING] Undefined variable $isWritable
Context: {
    "file": "\/var\/www\/html\/pages\/setup.php",
    "line": 81,
    "errno": 2
}
--------------------------------------------------------------------------------
[2025-11-27 18:05:39] [WARNING] Undefined variable $isWritable
Context: {
    "file": "\/var\/www\/html\/pages\/setup.php",
    "line": 89,
    "errno": 2
}
--------------------------------------------------------------------------------
[2025-11-27 18:05:39] [WARNING] Undefined variable $isWritable
Context: {
    "file": "\/var\/www\/html\/pages\/setup.php",
    "line": 90,
    "errno": 2
}
--------------------------------------------------------------------------------
[2025-11-27 18:12:12] [WARNING] Undefined array key "nombre"
Context: {
    "file": "\/var\/www\/html\/lib\/core\/sanitization.php",
    "line": 66,
    "errno": 2
}
--------------------------------------------------------------------------------
[2025-11-27 18:28:09] [CRITICAL] Uncaught Exception
Exception: ParseError - syntax error, unexpected end of file, expecting "elseif" or "else" or "endif"
Stack Trace:
#0 {main}
Context: {
    "file": "\/var\/www\/html\/views\/components\/forms\/user_form.php",
    "line": 142,
    "code": 0
}
--------------------------------------------------------------------------------
[2025-11-27 18:28:12] [CRITICAL] Uncaught Exception
Exception: ParseError - syntax error, unexpected end of file, expecting "elseif" or "else" or "endif"
Stack Trace:
#0 {main}
Context: {
    "file": "\/var\/www\/html\/views\/components\/forms\/user_form.php",
    "line": 142,
    "code": 0
}
--------------------------------------------------------------------------------
[2025-11-27 18:33:41] [CRITICAL] Uncaught Exception
Exception: AuthException - User does not have permission for action: user_create
Stack Trace:
#0 /var/www/html/pages/users/user_create.php(16): Permissions::require('user_create')
#1 {main}
Context: {
    "file": "\/var\/www\/html\/lib\/core\/Permissions.php",
    "line": 75,
    "code": 401
}
--------------------------------------------------------------------------------
[2025-11-27 18:34:17] [CRITICAL] Uncaught Exception
Exception: AuthException - User does not have permission for action: user_create
Stack Trace:
#0 /var/www/html/pages/users/user_create.php(16): Permissions::require('user_create')
#1 {main}
Context: {
    "file": "\/var\/www\/html\/lib\/core\/Permissions.php",
    "line": 75,
    "code": 401
}
--------------------------------------------------------------------------------
[2025-11-27 18:34:30] [CRITICAL] Uncaught Exception
Exception: AuthException - User does not have permission for action: user_create
Stack Trace:
#0 /var/www/html/pages/users/user_create.php(16): Permissions::require('user_create')
#1 {main}
Context: {
    "file": "\/var\/www\/html\/lib\/core\/Permissions.php",
    "line": 75,
    "code": 401
}
--------------------------------------------------------------------------------
[2025-11-27 18:34:34] [CRITICAL] Uncaught Exception
Exception: AuthException - User does not have permission for action: user_create
Stack Trace:
#0 /var/www/html/pages/users/user_create.php(16): Permissions::require('user_create')
#1 {main}
Context: {
    "file": "\/var\/www\/html\/lib\/core\/Permissions.php",
    "line": 75,
    "code": 401
}
--------------------------------------------------------------------------------
[2025-11-27 18:34:43] [CRITICAL] Uncaught Exception
Exception: AuthException - User does not have permission for action: user_create
Stack Trace:
#0 /var/www/html/pages/users/user_create.php(16): Permissions::require('user_create')
#1 {main}
Context: {
    "file": "\/var\/www\/html\/lib\/core\/Permissions.php",
    "line": 75,
    "code": 401
}
--------------------------------------------------------------------------------
[2025-11-27 20:03:57] [WARNING] session_start(): Session cannot be started after headers have already been sent
Context: {
    "file": "\/var\/www\/html\/lib\/core\/Session.php",
    "line": 14,
    "errno": 2
}
--------------------------------------------------------------------------------
[2025-11-27 21:03:57] [CRITICAL] Uncaught Exception
Exception: Error - Call to undefined function authenticateUser()
Stack Trace:
#0 {main}
Context: {
    "file": "\/var\/www\/html\/reproduce_issue.php",
    "line": 46,
    "code": 0
}
--------------------------------------------------------------------------------
[2025-11-28 18:42:59] [WARNING] Undefined array key "nombre"
Context: {
    "file": "\/var\/www\/html\/lib\/core\/validation.php",
    "line": 184,
    "errno": 2
}
--------------------------------------------------------------------------------
